c:\my_app\my_xml\debug\vc120.pdb
c:\my_app\my_xml\debug\vc120.idb
c:\my_app\my_xml\debug\main.obj
c:\my_app\my_xml\debug\tinystr.obj
c:\my_app\my_xml\debug\tinyxml.obj
c:\my_app\my_xml\debug\tinyxmlerror.obj
c:\my_app\my_xml\debug\tinyxmlparser.obj
c:\my_app\my_xml\debug\xmltest.obj
c:\my_app\my_xml\debug\my_xml.ilk
c:\my_app\my_xml\debug\my_xml.exe
c:\my_app\my_xml\debug\my_xml.pdb
\\psf\home\desktop\my_app\my_xml\debug\main.obj
\\psf\home\desktop\my_app\my_xml\debug\tinystr.obj
\\psf\home\desktop\my_app\my_xml\debug\tinyxml.obj
\\psf\home\desktop\my_app\my_xml\debug\tinyxmlerror.obj
\\psf\home\desktop\my_app\my_xml\debug\tinyxmlparser.obj
\\psf\home\desktop\my_app\my_xml\debug\xmltest.obj
\\psf\home\desktop\my_app\my_xml\debug\my_xml.ilk
\\psf\home\desktop\my_app\my_xml\debug\vc120.idb
\\psf\home\desktop\my_app\my_xml\debug\my_xml.pdb
\\psf\home\desktop\my_app\my_xml\debug\vc120.pdb
\\psf\home\desktop\my_app\my_xml\debug\my_xml.exe
\\psf\home\desktop\my_app\my_xml\debug\my_xml.tlog\cl.command.1.tlog
\\psf\home\desktop\my_app\my_xml\debug\my_xml.tlog\cl.read.1.tlog
\\psf\home\desktop\my_app\my_xml\debug\my_xml.tlog\cl.write.1.tlog
\\psf\home\desktop\my_app\my_xml\debug\my_xml.tlog\link.command.1.tlog
\\psf\home\desktop\my_app\my_xml\debug\my_xml.tlog\link.read.1.tlog
\\psf\home\desktop\my_app\my_xml\debug\my_xml.tlog\link.write.1.tlog
