c:\my_app\my_xml\hw\debug\vc120.pdb
c:\my_app\my_xml\hw\debug\vc120.idb
c:\my_app\my_xml\hw\debug\abstractgrader.obj
c:\my_app\my_xml\hw\debug\date.obj
c:\my_app\my_xml\hw\debug\factory03.obj
c:\my_app\my_xml\hw\debug\grader03.obj
c:\my_app\my_xml\hw\debug\heapsort.obj
c:\my_app\my_xml\hw\debug\kthmin.obj
c:\my_app\my_xml\hw\debug\linkedlistsort.obj
c:\my_app\my_xml\hw\debug\main.obj
c:\my_app\my_xml\hw\debug\mergesort.obj
c:\my_app\my_xml\hw\debug\objectfactory.obj
c:\my_app\my_xml\hw\debug\random.obj
c:\my_app\my_xml\hw\debug\runningmedian.obj
c:\my_app\my_xml\hw\debug\stopwatch.obj
c:\my_app\my_xml\hw\debug\unixstopwatch.obj
c:\my_app\my_xml\hw\debug\vectordoublesort.obj
c:\my_app\my_xml\hw\debug\windowsstopwatch.obj
c:\my_app\my_xml\hw\hw.ilk
c:\my_app\my_xml\hw\hw.exe
c:\my_app\my_xml\hw\hw.pdb
\\psf\home\desktop\my_app\my_xml\hw\debug\abstractgrader.obj
\\psf\home\desktop\my_app\my_xml\hw\debug\date.obj
\\psf\home\desktop\my_app\my_xml\hw\debug\factory03.obj
\\psf\home\desktop\my_app\my_xml\hw\debug\grader03.obj
\\psf\home\desktop\my_app\my_xml\hw\debug\heapsort.obj
\\psf\home\desktop\my_app\my_xml\hw\debug\kthmin.obj
\\psf\home\desktop\my_app\my_xml\hw\debug\linkedlistsort.obj
\\psf\home\desktop\my_app\my_xml\hw\debug\main.obj
\\psf\home\desktop\my_app\my_xml\hw\debug\mergesort.obj
\\psf\home\desktop\my_app\my_xml\hw\debug\objectfactory.obj
\\psf\home\desktop\my_app\my_xml\hw\debug\random.obj
\\psf\home\desktop\my_app\my_xml\hw\debug\runningmedian.obj
\\psf\home\desktop\my_app\my_xml\hw\debug\stopwatch.obj
\\psf\home\desktop\my_app\my_xml\hw\debug\unixstopwatch.obj
\\psf\home\desktop\my_app\my_xml\hw\debug\vectordoublesort.obj
\\psf\home\desktop\my_app\my_xml\hw\debug\windowsstopwatch.obj
\\psf\home\desktop\my_app\my_xml\hw\debug\vc120.idb
\\psf\home\desktop\my_app\my_xml\hw\debug\vc120.pdb
\\psf\home\desktop\my_app\my_xml\hw\debug\hw.tlog\cl.command.1.tlog
\\psf\home\desktop\my_app\my_xml\hw\debug\hw.tlog\cl.read.1.tlog
\\psf\home\desktop\my_app\my_xml\hw\debug\hw.tlog\cl.write.1.tlog
\\psf\home\desktop\my_app\my_xml\hw\debug\hw.tlog\link.command.1.tlog
\\psf\home\desktop\my_app\my_xml\hw\debug\hw.tlog\link.read.1.tlog
\\psf\home\desktop\my_app\my_xml\hw\debug\hw.tlog\link.write.1.tlog
