c:\my_app\my_xml\my_sorting\debug\vc120.pdb
c:\my_app\my_xml\my_sorting\debug\vc120.idb
c:\my_app\my_xml\my_sorting\debug\abstractgrader.obj
c:\my_app\my_xml\my_sorting\debug\date.obj
c:\my_app\my_xml\my_sorting\debug\factory03.obj
c:\my_app\my_xml\my_sorting\debug\grader03.obj
c:\my_app\my_xml\my_sorting\debug\main.obj
c:\my_app\my_xml\my_sorting\debug\objectfactory.obj
c:\my_app\my_xml\my_sorting\debug\random.obj
c:\my_app\my_xml\my_sorting\debug\stopwatch.obj
c:\my_app\my_xml\my_sorting\debug\unixstopwatch.obj
c:\my_app\my_xml\my_sorting\debug\windowsstopwatch.obj
c:\my_app\my_xml\my_sorting\my_sorting.ilk
c:\my_app\my_xml\my_sorting\my_sorting.exe
c:\my_app\my_xml\my_sorting\my_sorting.pdb
\\psf\home\desktop\my_app\my_xml\my_sorting\debug\abstractgrader.obj
\\psf\home\desktop\my_app\my_xml\my_sorting\debug\date.obj
\\psf\home\desktop\my_app\my_xml\my_sorting\debug\factory03.obj
\\psf\home\desktop\my_app\my_xml\my_sorting\debug\grader03.obj
\\psf\home\desktop\my_app\my_xml\my_sorting\debug\main.obj
\\psf\home\desktop\my_app\my_xml\my_sorting\debug\objectfactory.obj
\\psf\home\desktop\my_app\my_xml\my_sorting\debug\random.obj
\\psf\home\desktop\my_app\my_xml\my_sorting\debug\stopwatch.obj
\\psf\home\desktop\my_app\my_xml\my_sorting\debug\unixstopwatch.obj
\\psf\home\desktop\my_app\my_xml\my_sorting\debug\windowsstopwatch.obj
\\psf\home\desktop\my_app\my_xml\my_sorting\debug\vc120.idb
\\psf\home\desktop\my_app\my_xml\my_sorting\debug\vc120.pdb
\\psf\home\desktop\my_app\my_xml\my_sorting\debug\my_sorting.tlog\cl.command.1.tlog
\\psf\home\desktop\my_app\my_xml\my_sorting\debug\my_sorting.tlog\cl.read.1.tlog
\\psf\home\desktop\my_app\my_xml\my_sorting\debug\my_sorting.tlog\cl.write.1.tlog
\\psf\home\desktop\my_app\my_xml\my_sorting\debug\my_sorting.tlog\link.command.1.tlog
\\psf\home\desktop\my_app\my_xml\my_sorting\debug\my_sorting.tlog\link.read.1.tlog
\\psf\home\desktop\my_app\my_xml\my_sorting\debug\my_sorting.tlog\link.write.1.tlog
