生成启动时间为 3/28/15 21:21:26。
     1>项目“C:\my_app\my_xml\priority_queue\priority_queue.vcxproj”在节点 2 上(Rebuild 个目标)。
     1>ClCompile:
         C:\Program Files (x86)\Microsoft Visual Studio 12.0\VC\bin\CL.exe /c /ZI /nologo /W3 /WX- /sdl /Od /Oy- /D WIN32 /D _DEBUG /D _CONSOLE /D _LIB /D _UNICODE /D UNICODE /Gm /EHsc /RTC1 /MDd /GS /fp:precise /Zc:wchar_t /Zc:forScope /Fo"Debug\\" /Fd"Debug\vc120.pdb" /Gd /TP /analyze- /errorReport:prompt AbstractGrader.cpp Date.cpp Factory03.cpp Grader03.cpp main.cpp ObjectFactory.cpp Random.cpp Stopwatch.cpp UnixStopwatch.cpp WindowsStopwatch.cpp
         WindowsStopwatch.cpp
     1>c:\my_app\my_xml\priority_queue\windowsstopwatch.cpp(37): warning C4244: “return”: 从“__int64”转换到“long”，可能丢失数据
         UnixStopwatch.cpp
         Stopwatch.cpp
         Random.cpp
     1>c:\my_app\my_xml\priority_queue\random.cpp(7): warning C4244: “参数”: 从“time_t”转换到“unsigned int”，可能丢失数据
     1>c:\my_app\my_xml\priority_queue\random.cpp(53): warning C4244: “初始化”: 从“double”转换到“int”，可能丢失数据
         ObjectFactory.cpp
         main.cpp
     1>c:\my_app\my_xml\priority_queue\main.cpp(31): warning C4244: “+=”: 从“__int64”转换到“long”，可能丢失数据
         Grader03.cpp
     1>c:\my_app\my_xml\priority_queue\grader03.cpp(35): warning C4018: “<”: 有符号/无符号不匹配
         Factory03.cpp
         Date.cpp
         AbstractGrader.cpp
     1>c:\my_app\my_xml\priority_queue\abstractgrader.cpp(49): warning C4018: “<”: 有符号/无符号不匹配
     1>c:\my_app\my_xml\priority_queue\abstractgrader.cpp(53): warning C4018: “<”: 有符号/无符号不匹配
     1>c:\my_app\my_xml\priority_queue\abstractgrader.cpp(245): warning C4018: “<”: 有符号/无符号不匹配
     1>c:\my_app\my_xml\priority_queue\abstractgrader.cpp(248): warning C4018: “<”: 有符号/无符号不匹配
         正在生成代码...
       Link:
         C:\Program Files (x86)\Microsoft Visual Studio 12.0\VC\bin\link.exe /ERRORREPORT:PROMPT /OUT:"C:\my_app\my_xml\Debug\priority_queue.exe" /INCREMENTAL /NOLOGO kernel32.lib user32.lib gdi32.lib winspool.lib comdlg32.lib advapi32.lib shell32.lib ole32.lib oleaut32.lib uuid.lib odbc32.lib odbccp32.lib /MANIFEST /MANIFESTUAC:"level='asInvoker' uiAccess='false'" /manifest:embed /DEBUG /PDB:"C:\my_app\my_xml\Debug\priority_queue.pdb" /SUBSYSTEM:CONSOLE /TLBID:1 /DYNAMICBASE /NXCOMPAT /IMPLIB:"C:\my_app\my_xml\Debug\priority_queue.lib" /MACHINE:X86 Debug\AbstractGrader.obj
         Debug\Date.obj
         Debug\Factory03.obj
         Debug\Grader03.obj
         Debug\main.obj
         Debug\ObjectFactory.obj
         Debug\Random.obj
         Debug\Stopwatch.obj
         Debug\UnixStopwatch.obj
         Debug\WindowsStopwatch.obj
         priority_queue.vcxproj -> C:\my_app\my_xml\Debug\priority_queue.exe
     1>已完成生成项目“C:\my_app\my_xml\priority_queue\priority_queue.vcxproj”(Rebuild 个目标)的操作。

生成成功。

已用时间 00:00:04.58
